1645704081836	geckodriver	INFO	Listening on 127.0.0.1:54325
1645704084877	mozrunner::runner	INFO	Running command: "C:\\Program Files\\Mozilla Firefox\\firefox.exe" "--marionette" "-no-remote" "-profile" "C:\\Users\\PC1~1\\AppData\\Local\\Temp\\rust_mozprofilegoZgWy"
1645704085877	Marionette	INFO	Marionette enabled
console.warn: SearchSettings: "get: No settings file exists, new profile?" (new NotFoundError("Could not open the file at C:\\Users\\PC 1\\AppData\\Local\\Temp\\rust_mozprofilegoZgWy\\search.json.mozlz4", (void 0)))
1645704088463	Marionette	INFO	Listening on port 54335
1645704088556	RemoteAgent	WARN	TLS certificate errors will be ignored for this session

###!!! [Child][PContentChild] Error: RunMessage(msgname=PContent::Msg_DiscardWindowContext) Channel closing: too late to send/recv, messages will be lost

1645704277351	geckodriver	INFO	Listening on 127.0.0.1:56020
1645704280411	mozrunner::runner	INFO	Running command: "C:\\Program Files\\Mozilla Firefox\\firefox.exe" "--marionette" "-no-remote" "-profile" "C:\\Users\\PC1~1\\AppData\\Local\\Temp\\rust_mozprofileHeH2OM"
1645704280924	Marionette	INFO	Marionette enabled
console.warn: SearchSettings: "get: No settings file exists, new profile?" (new NotFoundError("Could not open the file at C:\\Users\\PC 1\\AppData\\Local\\Temp\\rust_mozprofileHeH2OM\\search.json.mozlz4", (void 0)))
1645704282673	Marionette	INFO	Listening on port 56030
1645704283075	RemoteAgent	WARN	TLS certificate errors will be ignored for this session
[Parent 9248, IPC I/O Parent] WARNING: pipe error: 232: file /builds/worker/checkouts/gecko/ipc/chromium/src/chrome/common/ipc_channel_win.cc:565
1645706466034	Marionette	INFO	Stopped listening on port 56030
console.warn: TopSitesFeed: Failed to fetch data from Contile server: NetworkError when attempting to fetch resource.

###!!! [Child][PContentChild] Error: Send(msgname=PContent::Msg_InsertNewFocusActionId) Closed channel: cannot send/recv


###!!! [Child][PContentChild] Error: Send(msgname=PContent::Msg_RemoveDynEntriesFromActiveSessionHistoryEntry) Closed channel: cannot send/recv


###!!! [Child][PContentChild] Error: Send(msgname=PContent::Msg_SynchronizeLayoutHistoryState) Closed channel: cannot send/recv


###!!! [Child][PContentChild] Error: Send(msgname=PContent::Msg_DiscardBrowsingContext) Closed channel: cannot send/recv

1645790354968	geckodriver	INFO	Listening on 127.0.0.1:50762
1645790358007	mozrunner::runner	INFO	Running command: "C:\\Program Files\\Mozilla Firefox\\firefox.exe" "--marionette" "-no-remote" "-profile" "C:\\Users\\PC1~1\\AppData\\Local\\Temp\\rust_mozprofileXjiOC5"
1645790359107	Marionette	INFO	Marionette enabled
console.warn: SearchSettings: "get: No settings file exists, new profile?" (new NotFoundError("Could not open the file at C:\\Users\\PC 1\\AppData\\Local\\Temp\\rust_mozprofileXjiOC5\\search.json.mozlz4", (void 0)))
1645790361496	Marionette	INFO	Listening on port 50773
1645790361712	RemoteAgent	WARN	TLS certificate errors will be ignored for this session
